<?xml version="1.0" encoding="UTF-8"?>
<testsuite xmlns:xsi="http://www.w3.org/2001/XMLSchema-instance" xsi:noNamespaceSchemaLocation="https://maven.apache.org/surefire/maven-surefire-plugin/xsd/surefire-test-report.xsd" name="com.kewei.ManagerApplicationTests" time="29.265" tests="4" errors="0" skipped="0" failures="0">
  <properties>
[...]
</properties>
  <testcase name="readExcel" classname="com.kewei.ManagerApplicationTests" time="1.625"/>
  <testcase name="contextLoads" classname="com.kewei.ManagerApplicationTests" time="0.002"/>
  <testcase name="setExcel" classname="com.kewei.ManagerApplicationTests" time="1.617"/>
  <testcase name="getExcel" classname="com.kewei.ManagerApplicationTests" time="0.023"/>
</testsuite>